<?xml version="1.0" encoding="UTF-8"?>
<!-- Generated by org.testng.reporters.JUnitXMLReporter -->
<testsuite hostname="MININT-RFO2CK0" name="SampleTest" tests="1" failures="0" timestamp="9 Dec 2016 21:55:50 GMT" time="0.023" errors="0">
  <testcase name="@BeforeSuite setBrowser" time="0.0" classname="com.uscourts2.ujspacourts.testCases.MainPage">
    <failure type="org.testng.TestNGException" message="
Parameter &amp;apos;browser&amp;apos; is required by @Configuration on method setBrowser but has not been marked @Optional or defined
in C:\Users\Rajesh\workspace\ujspacourts\testng.xml">
      <![CDATA[org.testng.TestNGException: 
Parameter 'browser' is required by @Configuration on method setBrowser but has not been marked @Optional or defined
in C:\Users\Rajesh\workspace\ujspacourts\testng.xml
... Removed 15 stack frames]]>
    </failure>
  </testcase> <!-- @BeforeSuite setBrowser -->
  <testcase name="openBrowser" time="0.007" classname="com.uscourts2.ujspacourts.testCases.MainPage">
    <skipped/>
  </testcase> <!-- openBrowser -->
</testsuite> <!-- SampleTest -->
