<?xml version="1.0" encoding="UTF-8"?>
<!-- Generated by org.testng.reporters.JUnitXMLReporter -->
<testsuite hostname="MININT-RFO2CK0" name="Default test" tests="5" failures="0" timestamp="11 Dec 2016 00:47:22 GMT" time="15.997" errors="0">
  <testcase name="startTest" time="8.68" classname="com.uscourts2.ujspacourts.testCases.AllPages"/>
  <testcase name="docketSheets" time="0.292" classname="com.uscourts2.ujspacourts.testCases.AllPages"/>
  <testcase name="Login" time="2.67" classname="com.uscourts2.ujspacourts.testCases.AllPages"/>
  <testcase name="Login" time="2.996" classname="com.uscourts2.ujspacourts.testCases.AllPages"/>
  <testcase name="Login" time="1.307" classname="com.uscourts2.ujspacourts.testCases.AllPages"/>
</testsuite> <!-- Default test -->
