<?xml version="1.0" encoding="UTF-8"?>
<!-- Generated by org.testng.reporters.JUnitXMLReporter -->
<testsuite hostname="MININT-RFO2CK0" name="Default test" tests="5" failures="0" timestamp="11 Dec 2016 04:00:00 GMT" time="14.475" errors="0">
  <testcase name="startTest" time="7.45" classname="com.uscourts2.ujspacourts.testCases.AllPages"/>
  <testcase name="docketSheets" time="2.468" classname="com.uscourts2.ujspacourts.testCases.AllPages"/>
  <testcase name="Login" time="0.27" classname="com.uscourts2.ujspacourts.testCases.AllPages"/>
  <testcase name="Login" time="2.964" classname="com.uscourts2.ujspacourts.testCases.AllPages"/>
  <testcase name="Login" time="1.285" classname="com.uscourts2.ujspacourts.testCases.AllPages"/>
</testsuite> <!-- Default test -->
