<?xml version="1.0" encoding="UTF-8"?>
<!-- Generated by org.testng.reporters.JUnitXMLReporter -->
<testsuite hostname="MININT-RFO2CK0" name="Test" tests="5" failures="0" timestamp="10 Dec 2016 23:27:30 GMT" time="13.586" errors="0">
  <testcase name="startTest" time="6.746" classname="com.uscourts2.ujspacourts.testCases.AllPages"/>
  <testcase name="docketSheets" time="0.29" classname="com.uscourts2.ujspacourts.testCases.AllPages"/>
  <testcase name="Login" time="2.698" classname="com.uscourts2.ujspacourts.testCases.AllPages"/>
  <testcase name="Login" time="2.522" classname="com.uscourts2.ujspacourts.testCases.AllPages"/>
  <testcase name="Login" time="1.296" classname="com.uscourts2.ujspacourts.testCases.AllPages"/>
</testsuite> <!-- Test -->
